2025/05/19 21:17:28 Log output is set to %s ../logs/server.log
2025/05/19 21:17:28 Server is running on port 8080
2025/05/19 21:40:56 Log output is set to ../logs/server.log
2025/05/19 21:40:56 Server is running on port 8080
2025/05/19 21:41:35 Log output is set to ../logs/server.log
2025/05/19 21:41:35 DB HTTP Server is started listening on port : 8080
2025/05/19 21:42:42 Log output is set to ../logs/server.log
2025/05/19 21:42:42 DB HTTP Server is started listening on port : 8080
2025/05/19 22:33:32 Log output is set to ../logs/server.log
2025/05/19 22:33:32 DB HTTP Server is started listening on port : 8080
2025/05/19 22:33:32 (Error): error running the server : listen tcp4 127.0.0.1:8080: bind: address already in use
2025/05/19 22:33:38 Log output is set to ../logs/server.log
2025/05/19 22:33:38 DB HTTP Server is started listening on port : 8080
2025/05/19 22:35:52 Log output is set to ../logs/server.log
2025/05/19 22:37:31 Log output is set to ../logs/server.log
2025/05/19 22:37:31 Database is not initialized
2025/05/19 22:38:05 Log output is set to ../logs/server.log
2025/05/19 22:38:05 (Error) : error creating tables : sql: database is closed
2025/05/19 22:38:55 Log output is set to ../logs/server.log
2025/05/19 22:38:55 DB HTTP Server is started listening on port : 8080
2025/05/19 22:40:39 (Error) : error getting student : record not found
2025/05/19 22:40:58 Log output is set to ../logs/server.log
2025/05/19 22:40:58 DB HTTP Server is started listening on port : 8080
2025/05/19 22:41:03 (Error) : error getting student : record not found
2025/05/19 22:41:56 Log output is set to ../logs/server.log
2025/05/19 22:41:56 DB HTTP Server is started listening on port : 8080
2025/05/19 22:42:01 (Error) : error getting student : record not found
2025/05/19 22:42:01 Student not found at endpoint (/auth/login).
2025/05/19 22:46:32 (Error) : error getting student : record not found
2025/05/19 22:46:32 Student not found at endpoint (/auth/login).
2025/05/19 22:46:54 (Error) : error getting student : record not found
2025/05/19 22:46:54 Student not found at endpoint (/auth/login).
2025/05/19 22:47:32 (Error) : error getting student : record not found
2025/05/19 22:47:32 Student not found at endpoint (/auth/login).
2025/05/19 22:49:41 (Error) : error getting student : record not found
2025/05/19 22:49:41 Student not found at endpoint (/auth/login).
2025/05/19 22:49:59 (Error) : error getting student : record not found
2025/05/19 22:49:59 Student not found at endpoint (/auth/login).
2025/05/19 22:50:06 (Error) : error getting student : record not found
2025/05/19 22:50:06 Student not found at endpoint (/auth/login).
2025/05/20 17:42:02 (Error) : error getting student : record not found
2025/05/20 17:42:02 Student not found at endpoint (/auth/login).
2025/05/20 17:42:15 (Error) : error getting student : record not found
2025/05/20 17:42:15 Student not found at endpoint (/auth/login).
2025/05/20 18:04:03 (Error) : error getting student : record not found
2025/05/20 18:04:03 Student not found at endpoint (/auth/login).
2025/05/20 18:13:52 (Error) : error getting student : record not found
2025/05/20 18:13:52 Student not found at endpoint (/auth/login).
2025/05/20 18:14:06 (Error) : error getting student : record not found
2025/05/20 18:14:06 Student not found at endpoint (/auth/login).
2025/05/20 18:24:21 (Error) : error getting student : record not found
2025/05/20 18:24:21 Student not found at endpoint (/auth/login).
2025/05/20 18:27:33 Log output is set to ../logs/server.log
2025/05/20 18:27:33 (Error) : error creating tables : Error 1822 (HY000): Failed to add the foreign key constraint. Missing index for constraint 'fk_advisors_department' in the referenced table 'advisors'
2025/05/20 18:33:30 Log output is set to ../logs/server.log
2025/05/20 18:33:30 (Error) : error creating tables : invalid field found for struct graduation-system/crud.Department's field Faculty: define a valid foreign key for relations or implement the Valuer/Scanner interface
2025/05/20 18:34:47 Log output is set to ../logs/server.log
2025/05/20 18:34:48 (Error) : error creating tables : invalid field found for struct graduation-system/crud.FacultySecretary's field Faculty: define a valid foreign key for relations or implement the Valuer/Scanner interface
2025/05/20 18:37:37 Log output is set to ../logs/server.log
2025/05/20 18:37:37 (Error) : error creating tables : Error 1826 (HY000): Duplicate foreign key constraint name 'fk_departments_faculty'
2025/05/20 18:38:46 Log output is set to ../logs/server.log
2025/05/20 18:38:47 (Error) : error creating tables : Error 1452 (23000): Cannot add or update a child row: a foreign key constraint fails (`gms`.`#sql-1153c_14d`, CONSTRAINT `fk_students_advisor` FOREIGN KEY (`advisor_id`) REFERENCES `advisors` (`id`))
2025/05/20 18:53:23 Log output is set to ../logs/server.log

2025/05/20 18:55:36 Log output is set to ../logs/server.log
2025/05/20 18:55:36 DB HTTP Server is started listening on port : 8080
2025/05/20 18:55:50 (Error) : error getting user : record not found
2025/05/20 18:55:50 User not found at endpoint (/auth/login).
2025/05/20 18:57:39 (Error) : error getting user : record not found
2025/05/20 18:57:39 User not found at endpoint (/auth/login).
2025/05/20 18:58:18 (Error) : error getting user : record not found
2025/05/20 18:58:18 User not found at endpoint (/auth/login).
2025/05/20 18:58:22 (Error) : error getting user : record not found
2025/05/20 18:58:22 User not found at endpoint (/auth/login).
2025/05/20 18:59:07 (Error) : error getting user : record not found
2025/05/20 18:59:07 User not found at endpoint (/auth/login).
2025/05/20 18:59:10 (Error) : error getting user : record not found
2025/05/20 18:59:10 User not found at endpoint (/auth/login).
2025/05/20 19:01:24 Log output is set to ../logs/server.log
2025/05/20 19:01:25 DB HTTP Server is started listening on port : 8080
2025/05/20 19:12:56 Log output is set to ../logs/server.log
2025/05/20 19:12:57 DB HTTP Server is started listening on port : 8080
2025/05/20 19:13:09 (Error) : error getting user : record not found
2025/05/20 19:13:09 User not found at endpoint (/auth/login).
2025/05/20 19:14:25 Log output is set to ../logs/server.log
2025/05/20 19:14:26 Initializing default profiles
2025/05/20 19:14:26 DB HTTP Server is started listening on port : 8080
2025/05/20 19:16:06 Log output is set to ../logs/server.log
2025/05/20 19:16:07 Initializing default profiles
2025/05/20 19:16:07 Default profiles already exist
2025/05/20 19:16:07 DB HTTP Server is started listening on port : 8080
2025/05/20 19:16:55 Log output is set to ../logs/server.log
2025/05/20 19:16:56 Initializing default profiles
2025/05/20 19:16:56 No users found, creating default profiles
2025/05/20 19:16:56 (Error) : error creating student : Error 1452 (23000): Cannot add or update a child row: a foreign key constraint fails (`gms`.`students`, CONSTRAINT `fk_students_advisor` FOREIGN KEY (`advisor_id`) REFERENCES `advisors` (`id`))
2025/05/20 19:16:56 (Error) : error creating student : Error 1452 (23000): Cannot add or update a child row: a foreign key constraint fails (`gms`.`students`, CONSTRAINT `fk_students_advisor` FOREIGN KEY (`advisor_id`) REFERENCES `advisors` (`id`))
2025/05/20 19:16:56 DB HTTP Server is started listening on port : 8080
2025/05/20 20:22:20 Log output is set to ../logs/server.log
2025/05/20 20:22:21 DB HTTP Server is started listening on port : 8080
2025/05/20 20:23:30 Log output is set to ../logs/server.log
2025/05/20 20:23:31 (Error) : error getting advisor : Error 1054 (42S22): Unknown column 'username' in 'where clause'
2025/05/20 20:23:31 (Error) : error creating student : Error 1452 (23000): Cannot add or update a child row: a foreign key constraint fails (`gms`.`students`, CONSTRAINT `fk_students_advisor` FOREIGN KEY (`advisor_id`) REFERENCES `advisors` (`id`))
2025/05/20 20:23:31 DB HTTP Server is started listening on port : 8080
2025/05/20 20:25:30 Log output is set to ../logs/server.log
2025/05/20 20:25:31 (Error) : error getting advisor : Error 1054 (42S22): Unknown column 'username' in 'where clause'
2025/05/20 20:25:31 (Error) : error creating student : Error 1452 (23000): Cannot add or update a child row: a foreign key constraint fails (`gms`.`students`, CONSTRAINT `fk_students_advisor` FOREIGN KEY (`advisor_id`) REFERENCES `advisors` (`id`))
2025/05/20 20:25:31 DB HTTP Server is started listening on port : 8080
2025/05/20 20:28:50 Log output is set to ../logs/server.log
2025/05/20 20:28:51 (Error) : error getting advisor : Error 1054 (42S22): Unknown column 'username' in 'where clause'
2025/05/20 20:28:51 (Error) : error creating student : Error 1452 (23000): Cannot add or update a child row: a foreign key constraint fails (`gms`.`students`, CONSTRAINT `fk_students_advisor` FOREIGN KEY (`advisor_id`) REFERENCES `advisors` (`id`))
2025/05/20 20:28:51 DB HTTP Server is started listening on port : 8080
2025/05/20 20:30:52 (Error) : error getting user : record not found
2025/05/20 20:30:52 User not found at endpoint (/auth/login).
2025/05/20 20:31:52 Log output is set to ../logs/server.log
2025/05/20 20:31:53 (Error) : error getting advisor : Error 1054 (42S22): Unknown column 'username' in 'where clause'
2025/05/20 20:31:53 (Error) : error creating student : Error 1452 (23000): Cannot add or update a child row: a foreign key constraint fails (`gms`.`students`, CONSTRAINT `fk_students_advisor` FOREIGN KEY (`advisor_id`) REFERENCES `advisors` (`id`))
2025/05/20 20:31:53 DB HTTP Server is started listening on port : 8080
2025/05/20 20:36:10 Log output is set to ../logs/server.log
2025/05/20 20:36:11 DB HTTP Server is started listening on port : 8080
2025/05/20 20:36:26 (Error) : error getting user : record not found
2025/05/20 20:36:26 User not found at endpoint (/auth/login).
2025/05/20 20:37:49 (Error) : error getting user : record not found
2025/05/20 20:37:49 User not found at endpoint (/auth/login).
2025/05/20 20:43:53 Log output is set to ../logs/server.log
2025/05/20 20:43:54 DB HTTP Server is started listening on port : 8080
2025/05/20 20:43:54 (Error): error running the server : listen tcp4 127.0.0.1:8080: bind: address already in use
2025/05/20 20:44:35 Log output is set to ../logs/server.log
2025/05/20 20:44:36 DB HTTP Server is started listening on port : 8080
2025/05/20 20:44:36 (Error): error running the server : listen tcp4 127.0.0.1:8080: bind: address already in use
2025/05/20 20:45:43 Log output is set to ../logs/server.log
2025/05/20 20:45:44 DB HTTP Server is started listening on port : 8080
2025/05/20 20:45:58 (Error) : error getting user : record not found
2025/05/20 20:45:58 User not found at endpoint (/auth/login).
2025/05/20 20:46:37 (Error) : error getting user : record not found
2025/05/20 20:46:37 User not found at endpoint (/auth/login).
2025/05/20 20:48:02 Log output is set to ../logs/server.log
2025/05/20 20:48:03 DB HTTP Server is started listening on port : 8080
2025/05/20 20:48:14 (Error) : error getting user : record not found
2025/05/20 20:48:14 User not found at endpoint (/auth/login).
2025/05/20 20:49:29 Log output is set to ../logs/server.log
2025/05/20 20:49:30 DB HTTP Server is started listening on port : 8080
2025/05/20 20:49:41 (Error) : error getting user : record not found
2025/05/20 20:49:41 User not found at endpoint (/auth/login).
2025/05/20 20:50:40 Log output is set to ../logs/server.log
2025/05/20 20:50:41 DB HTTP Server is started listening on port : 8080
2025/05/20 21:38:48 Log output is set to ../logs/server.log
2025/05/20 21:38:49 DB HTTP Server is started listening on port : 8080
2025/05/20 21:38:57 (Error) : error getting notifications : Error 1146 (42S02): Table 'gms.notifications' doesn't exist
2025/05/20 21:39:37 Log output is set to ../logs/server.log
2025/05/20 21:39:38 (Error) : error creating tables : Error 3780 (HY000): Referencing column 'id' and referenced column 'id' in foreign key constraint 'fk_advisors_user' are incompatible.
2025/05/20 21:42:29 Log output is set to ../logs/server.log
2025/05/20 21:42:30 (Error) : error creating tables : Error 3780 (HY000): Referencing column 'id' and referenced column 'id' in foreign key constraint 'fk_department_secretaries_user' are incompatible.
2025/05/20 21:43:14 Log output is set to ../logs/server.log
2025/05/20 21:43:15 (Error) : error creating tables : invalid field found for struct graduation-system/crud.Notification's field User: define a valid foreign key for relations or implement the Valuer/Scanner interface
2025/05/20 21:44:28 Log output is set to ../logs/server.log
2025/05/20 21:44:29 (Error) : error creating tables : Error 3780 (HY000): Referencing column 'id' and referenced column 'id' in foreign key constraint 'fk_advisors_user' are incompatible.
2025/05/20 21:47:28 Log output is set to ../logs/server.log
2025/05/20 21:47:29 (Error) : error creating tables : Error 3780 (HY000): Referencing column 'id' and referenced column 'id' in foreign key constraint 'fk_advisors_user' are incompatible.
2025/05/20 21:49:13 Log output is set to ../logs/server.log
2025/05/20 21:49:14 (Error) : error creating tables : Error 3780 (HY000): Referencing column 'id' and referenced column 'id' in foreign key constraint 'fk_advisors_user' are incompatible.
2025/05/20 21:50:40 Log output is set to ../logs/server.log
2025/05/20 21:50:41 (Error) : error creating tables : Error 3780 (HY000): Referencing column 'id' and referenced column 'id' in foreign key constraint 'fk_department_secretaries_user' are incompatible.
2025/05/20 21:52:46 Log output is set to ../logs/server.log
2025/05/20 21:52:48 (Error) : error creating user : Error 1452 (23000): Cannot add or update a child row: a foreign key constraint fails (`gms`.`users`, CONSTRAINT `fk_advisors_user` FOREIGN KEY (`id`) REFERENCES `advisors` (`id`) ON DELETE CASCADE)
2025/05/20 21:52:48 (Error) : error creating user : Error 1452 (23000): Cannot add or update a child row: a foreign key constraint fails (`gms`.`users`, CONSTRAINT `fk_advisors_user` FOREIGN KEY (`id`) REFERENCES `advisors` (`id`) ON DELETE CASCADE)
2025/05/20 21:52:48 (Error) : error getting advisor : record not found
2025/05/20 21:52:48 (Error) : error creating student : Error 1452 (23000): Cannot add or update a child row: a foreign key constraint fails (`gms`.`students`, CONSTRAINT `fk_students_advisor` FOREIGN KEY (`advisor_id`) REFERENCES `advisors` (`id`))
2025/05/20 21:52:48 DB HTTP Server is started listening on port : 8080
2025/05/20 21:55:50 Log output is set to ../logs/server.log
2025/05/20 21:55:52 DB HTTP Server is started listening on port : 8080
2025/05/20 21:56:09 Log output is set to ../logs/server.log
2025/05/20 21:56:11 (Error) : error creating user : Error 1452 (23000): Cannot add or update a child row: a foreign key constraint fails (`gms`.`users`, CONSTRAINT `fk_advisors_user` FOREIGN KEY (`id`) REFERENCES `advisors` (`id`) ON DELETE CASCADE)
2025/05/20 21:56:11 (Error) : error creating advisor : Error 1452 (23000): Cannot add or update a child row: a foreign key constraint fails (`gms`.`users`, CONSTRAINT `fk_department_secretaries_user` FOREIGN KEY (`id`) REFERENCES `department_secretaries` (`id`) ON DELETE CASCADE)
2025/05/20 21:56:11 (Error) : error creating user : Error 1452 (23000): Cannot add or update a child row: a foreign key constraint fails (`gms`.`users`, CONSTRAINT `fk_advisors_user` FOREIGN KEY (`id`) REFERENCES `advisors` (`id`) ON DELETE CASCADE)
2025/05/20 21:56:11 (Error) : error getting advisor : record not found
2025/05/20 21:56:11 (Error) : error creating student : Error 1452 (23000): Cannot add or update a child row: a foreign key constraint fails (`gms`.`students`, CONSTRAINT `fk_students_advisor` FOREIGN KEY (`advisor_id`) REFERENCES `advisors` (`id`))
2025/05/20 21:56:11 DB HTTP Server is started listening on port : 8080
2025/05/20 22:01:50 Log output is set to ../logs/server.log
2025/05/20 22:01:51 (Error) : error creating user : Error 1452 (23000): Cannot add or update a child row: a foreign key constraint fails (`gms`.`users`, CONSTRAINT `fk_advisors_user` FOREIGN KEY (`id`) REFERENCES `advisors` (`id`) ON DELETE CASCADE)
2025/05/20 22:01:51 (Error) : error creating advisor : Error 1452 (23000): Cannot add or update a child row: a foreign key constraint fails (`gms`.`users`, CONSTRAINT `fk_department_secretaries_user` FOREIGN KEY (`id`) REFERENCES `department_secretaries` (`id`) ON DELETE CASCADE)
2025/05/20 22:01:51 (Error) : error creating user : Error 1452 (23000): Cannot add or update a child row: a foreign key constraint fails (`gms`.`users`, CONSTRAINT `fk_advisors_user` FOREIGN KEY (`id`) REFERENCES `advisors` (`id`) ON DELETE CASCADE)
2025/05/20 22:01:51 (Error) : error getting advisor : record not found
2025/05/20 22:01:51 (Error) : error creating student : Error 1452 (23000): Cannot add or update a child row: a foreign key constraint fails (`gms`.`students`, CONSTRAINT `fk_students_advisor` FOREIGN KEY (`advisor_id`) REFERENCES `advisors` (`id`))
2025/05/20 22:01:51 DB HTTP Server is started listening on port : 8080
2025/05/20 22:03:18 Log output is set to ../logs/server.log
2025/05/20 22:03:20 (Error) : error creating user : Error 1452 (23000): Cannot add or update a child row: a foreign key constraint fails (`gms`.`users`, CONSTRAINT `fk_advisors_user` FOREIGN KEY (`id`) REFERENCES `advisors` (`id`) ON DELETE CASCADE)
2025/05/20 22:03:20 (Error) : error creating advisor : Error 1452 (23000): Cannot add or update a child row: a foreign key constraint fails (`gms`.`users`, CONSTRAINT `fk_department_secretaries_user` FOREIGN KEY (`id`) REFERENCES `department_secretaries` (`id`) ON DELETE CASCADE)
2025/05/20 22:03:20 (Error) : error creating user : Error 1452 (23000): Cannot add or update a child row: a foreign key constraint fails (`gms`.`users`, CONSTRAINT `fk_advisors_user` FOREIGN KEY (`id`) REFERENCES `advisors` (`id`) ON DELETE CASCADE)
2025/05/20 22:03:20 (Error) : error getting advisor : record not found
2025/05/20 22:03:20 (Error) : error creating student : Error 1452 (23000): Cannot add or update a child row: a foreign key constraint fails (`gms`.`students`, CONSTRAINT `fk_students_advisor` FOREIGN KEY (`advisor_id`) REFERENCES `advisors` (`id`))
2025/05/20 22:03:20 DB HTTP Server is started listening on port : 8080
2025/05/20 22:05:29 Log output is set to ../logs/server.log
2025/05/20 22:05:31 (Error) : error creating user : Error 1452 (23000): Cannot add or update a child row: a foreign key constraint fails (`gms`.`users`, CONSTRAINT `fk_advisors_user` FOREIGN KEY (`id`) REFERENCES `advisors` (`id`) ON DELETE CASCADE)
2025/05/20 22:05:31 (Error) : error creating advisor : Error 1452 (23000): Cannot add or update a child row: a foreign key constraint fails (`gms`.`users`, CONSTRAINT `fk_department_secretaries_user` FOREIGN KEY (`id`) REFERENCES `department_secretaries` (`id`) ON DELETE CASCADE)
2025/05/20 22:05:31 (Error) : error creating user : Error 1452 (23000): Cannot add or update a child row: a foreign key constraint fails (`gms`.`users`, CONSTRAINT `fk_advisors_user` FOREIGN KEY (`id`) REFERENCES `advisors` (`id`) ON DELETE CASCADE)
2025/05/20 22:05:31 (Error) : error getting advisor : record not found
2025/05/20 22:05:31 (Error) : error creating student : Error 1452 (23000): Cannot add or update a child row: a foreign key constraint fails (`gms`.`students`, CONSTRAINT `fk_students_advisor` FOREIGN KEY (`advisor_id`) REFERENCES `advisors` (`id`))
2025/05/20 22:05:31 DB HTTP Server is started listening on port : 8080
2025/05/20 22:07:59 Log output is set to ../logs/server.log
2025/05/20 22:08:01 (Error) : error creating advisor : Error 1452 (23000): Cannot add or update a child row: a foreign key constraint fails (`gms`.`users`, CONSTRAINT `fk_department_secretaries_user` FOREIGN KEY (`id`) REFERENCES `department_secretaries` (`id`) ON DELETE CASCADE)
2025/05/20 22:08:01 (Error) : error getting advisor : record not found
2025/05/20 22:08:01 (Error) : error creating student : Error 1452 (23000): Cannot add or update a child row: a foreign key constraint fails (`gms`.`students`, CONSTRAINT `fk_students_advisor` FOREIGN KEY (`advisor_id`) REFERENCES `advisors` (`id`))
2025/05/20 22:08:01 DB HTTP Server is started listening on port : 8080
2025/05/20 22:08:24 Log output is set to ../logs/server.log
2025/05/20 22:08:26 (Error) : error creating advisor : Error 1452 (23000): Cannot add or update a child row: a foreign key constraint fails (`gms`.`users`, CONSTRAINT `fk_department_secretaries_user` FOREIGN KEY (`id`) REFERENCES `department_secretaries` (`id`) ON DELETE CASCADE)
2025/05/20 22:08:26 (Error) : error creating student : Error 1452 (23000): Cannot add or update a child row: a foreign key constraint fails (`gms`.`students`, CONSTRAINT `fk_students_advisor` FOREIGN KEY (`advisor_id`) REFERENCES `advisors` (`id`))
2025/05/20 22:08:26 DB HTTP Server is started listening on port : 8080
2025/05/20 22:20:34 Log output is set to ../logs/server.log
2025/05/20 22:20:35 DB HTTP Server is started listening on port : 8080
2025/05/20 22:21:19 Log output is set to ../logs/server.log
2025/05/20 22:21:19 DB HTTP Server is started listening on port : 8080
2025/05/20 22:26:58 (Error) : error getting notifications : Error 1054 (42S22): Unknown column 'recv_id' in 'where clause'
2025/05/20 22:30:38 Log output is set to ../logs/server.log
2025/05/20 22:30:39 DB HTTP Server is started listening on port : 8080
2025/05/20 22:30:47 (Error) : error getting notifications : Error 1054 (42S22): Unknown column 'recv_id' in 'where clause'
2025/05/20 22:31:28 Log output is set to ../logs/server.log
2025/05/20 22:31:29 DB HTTP Server is started listening on port : 8080
2025/05/20 22:31:37 (Error) : error getting notifications : Error 1054 (42S22): Unknown column 'recv_id' in 'where clause'
2025/05/20 22:31:58 Log output is set to ../logs/server.log
2025/05/20 22:31:59 DB HTTP Server is started listening on port : 8080
2025/05/20 22:33:03 Error converting user ID to int at endpoint (/notifications/get/user-id/undefined): strconv.Atoi: parsing "undefined": invalid syntax
2025/05/20 22:39:04 Log output is set to ../logs/server.log
2025/05/20 22:39:05 DB HTTP Server is started listening on port : 8080
2025/05/20 22:40:02 Error converting user ID to int at endpoint (/notifications/get/user-id/undefined): strconv.Atoi: parsing "undefined": invalid syntax
2025/05/20 22:47:26 Log output is set to ../logs/server.log
2025/05/20 22:47:27 DB HTTP Server is started listening on port : 8080
2025/05/20 23:16:37 Log output is set to ../logs/server.log
2025/05/20 23:16:38 DB HTTP Server is started listening on port : 8080
2025/05/20 23:20:09 Error converting user ID to int at endpoint (/notifications/get/user-id/undefined): strconv.Atoi: parsing "undefined": invalid syntax
2025/05/20 23:20:14 Error converting user ID to int at endpoint (/notifications/get/user-id/undefined): strconv.Atoi: parsing "undefined": invalid syntax
2025/05/20 23:21:32 Error converting user ID to int at endpoint (/notifications/get/user-id/undefined): strconv.Atoi: parsing "undefined": invalid syntax
2025/05/20 23:21:34 Error converting user ID to int at endpoint (/notifications/get/user-id/undefined): strconv.Atoi: parsing "undefined": invalid syntax
2025/05/20 23:22:53 Error converting user ID to int at endpoint (/notifications/get/user-id/undefined): strconv.Atoi: parsing "undefined": invalid syntax
2025/05/20 23:24:06 Error converting user ID to int at endpoint (/notifications/get/user-id/undefined): strconv.Atoi: parsing "undefined": invalid syntax
2025/05/20 23:24:08 Error converting user ID to int at endpoint (/notifications/get/user-id/undefined): strconv.Atoi: parsing "undefined": invalid syntax
2025/05/20 23:26:37 Error converting user ID to int at endpoint (/notifications/get/user-id/undefined): strconv.Atoi: parsing "undefined": invalid syntax
2025/05/20 23:26:42 Error converting user ID to int at endpoint (/notifications/get/user-id/undefined): strconv.Atoi: parsing "undefined": invalid syntax
2025/05/20 23:31:04 Error converting user ID to int at endpoint (/notifications/get/user-id/undefined): strconv.Atoi: parsing "undefined": invalid syntax
2025/05/20 23:31:12 Error converting user ID to int at endpoint (/notifications/get/user-id/undefined): strconv.Atoi: parsing "undefined": invalid syntax
2025/05/20 23:33:10 Error converting user ID to int at endpoint (/notifications/get/user-id/undefined): strconv.Atoi: parsing "undefined": invalid syntax
2025/05/20 23:33:21 Error converting user ID to int at endpoint (/notifications/get/user-id/undefined): strconv.Atoi: parsing "undefined": invalid syntax
2025/05/20 23:34:55 Error converting user ID to int at endpoint (/notifications/get/user-id/undefined): strconv.Atoi: parsing "undefined": invalid syntax
2025/05/20 23:34:57 Error converting user ID to int at endpoint (/notifications/get/user-id/undefined): strconv.Atoi: parsing "undefined": invalid syntax
2025/05/20 23:35:06 Error converting user ID to int at endpoint (/notifications/get/user-id/undefined): strconv.Atoi: parsing "undefined": invalid syntax
2025/05/20 23:35:08 Error converting user ID to int at endpoint (/notifications/get/user-id/undefined): strconv.Atoi: parsing "undefined": invalid syntax
2025/05/20 23:36:24 Error converting user ID to int at endpoint (/notifications/get/user-id/undefined): strconv.Atoi: parsing "undefined": invalid syntax
2025/05/20 23:36:29 Error converting user ID to int at endpoint (/notifications/get/user-id/undefined): strconv.Atoi: parsing "undefined": invalid syntax
2025/05/20 23:38:01 Error converting user ID to int at endpoint (/notifications/get/user-id/undefined): strconv.Atoi: parsing "undefined": invalid syntax
2025/05/20 23:40:44 Log output is set to ../logs/server.log
2025/05/20 23:40:44 DB HTTP Server is started listening on port : 8080
2025/05/20 23:42:27 Log output is set to ../logs/server.log
2025/05/20 23:42:27 DB HTTP Server is started listening on port : 8080
2025/05/20 23:42:35 Error converting user ID to int at endpoint (/notifications/get/user-id/undefined): strconv.Atoi: parsing "undefined": invalid syntax
2025/05/20 23:44:30 Log output is set to ../logs/server.log
2025/05/20 23:44:31 DB HTTP Server is started listening on port : 8080
2025/05/20 23:45:15 Error converting user ID to int at endpoint (/graduation_status/std/undefined): strconv.Atoi: parsing "undefined": invalid syntax
2025/05/20 23:45:38 Error converting user ID to int at endpoint (/notifications/get/user-id/undefined): strconv.Atoi: parsing "undefined": invalid syntax
2025/05/20 23:45:44 Error converting user ID to int at endpoint (/notifications/get/user-id/undefined): strconv.Atoi: parsing "undefined": invalid syntax
2025/05/20 23:45:58 Error converting user ID to int at endpoint (/notifications/get/user-id/undefined): strconv.Atoi: parsing "undefined": invalid syntax
2025/05/20 23:46:03 Error converting user ID to int at endpoint (/notifications/get/user-id/undefined): strconv.Atoi: parsing "undefined": invalid syntax
2025/05/20 23:46:12 Error converting user ID to int at endpoint (/notifications/get/user-id/undefined): strconv.Atoi: parsing "undefined": invalid syntax
2025/05/20 23:46:37 Error converting user ID to int at endpoint (/notifications/get/user-id/undefined): strconv.Atoi: parsing "undefined": invalid syntax
2025/05/20 23:46:49 Error converting user ID to int at endpoint (/notifications/get/user-id/undefined): strconv.Atoi: parsing "undefined": invalid syntax
2025/05/20 23:47:00 Error converting user ID to int at endpoint (/notifications/get/user-id/undefined): strconv.Atoi: parsing "undefined": invalid syntax
2025/05/20 23:47:21 Error converting user ID to int at endpoint (/notifications/get/user-id/undefined): strconv.Atoi: parsing "undefined": invalid syntax
2025/05/20 23:48:34 Error converting user ID to int at endpoint (/notifications/get/user-id/undefined): strconv.Atoi: parsing "undefined": invalid syntax
2025/05/20 23:48:39 Error converting user ID to int at endpoint (/notifications/get/user-id/undefined): strconv.Atoi: parsing "undefined": invalid syntax
2025/05/20 23:48:48 Error converting user ID to int at endpoint (/notifications/get/user-id/undefined): strconv.Atoi: parsing "undefined": invalid syntax
2025/05/20 23:49:07 Error converting user ID to int at endpoint (/notifications/get/user-id/undefined): strconv.Atoi: parsing "undefined": invalid syntax
2025/05/20 23:49:23 Error converting user ID to int at endpoint (/notifications/get/user-id/undefined): strconv.Atoi: parsing "undefined": invalid syntax
2025/05/20 23:50:25 Error converting user ID to int at endpoint (/notifications/get/user-id/undefined): strconv.Atoi: parsing "undefined": invalid syntax
2025/05/20 23:51:27 Error converting user ID to int at endpoint (/notifications/get/user-id/undefined): strconv.Atoi: parsing "undefined": invalid syntax
2025/05/20 23:51:49 Error converting user ID to int at endpoint (/notifications/get/user-id/undefined): strconv.Atoi: parsing "undefined": invalid syntax
2025/05/20 23:52:14 Error converting user ID to int at endpoint (/notifications/get/user-id/undefined): strconv.Atoi: parsing "undefined": invalid syntax
2025/05/20 23:52:40 Error converting user ID to int at endpoint (/notifications/get/user-id/undefined): strconv.Atoi: parsing "undefined": invalid syntax
2025/05/20 23:53:10 Error converting user ID to int at endpoint (/notifications/get/user-id/undefined): strconv.Atoi: parsing "undefined": invalid syntax
2025/05/20 23:53:17 Error converting user ID to int at endpoint (/notifications/get/user-id/undefined): strconv.Atoi: parsing "undefined": invalid syntax
2025/05/20 23:53:23 Error converting user ID to int at endpoint (/notifications/get/user-id/undefined): strconv.Atoi: parsing "undefined": invalid syntax
2025/05/20 23:53:35 Error converting user ID to int at endpoint (/notifications/get/user-id/undefined): strconv.Atoi: parsing "undefined": invalid syntax
2025/05/21 00:09:07 Error converting user ID to int at endpoint (/notifications/get/user-id/undefined): strconv.Atoi: parsing "undefined": invalid syntax
2025/05/21 00:09:14 Error converting user ID to int at endpoint (/notifications/get/user-id/undefined): strconv.Atoi: parsing "undefined": invalid syntax
2025/05/21 00:09:19 Error converting user ID to int at endpoint (/notifications/get/user-id/undefined): strconv.Atoi: parsing "undefined": invalid syntax
2025/05/21 00:09:24 Error converting user ID to int at endpoint (/notifications/get/user-id/undefined): strconv.Atoi: parsing "undefined": invalid syntax
2025/05/21 00:12:30 Log output is set to ../logs/server.log
2025/05/21 00:12:31 DB HTTP Server is started listening on port : 8080
2025/05/21 13:47:21 Log output is set to ../logs/server.log
2025/05/21 13:47:21 DB HTTP Server is started listening on port : 8080
2025/05/21 13:47:49 Error converting user ID to int at endpoint (/notifications/get/user-id/undefined): strconv.Atoi: parsing "undefined": invalid syntax
2025/05/21 13:48:54 Error converting user ID to int at endpoint (/notifications/get/user-id/undefined): strconv.Atoi: parsing "undefined": invalid syntax
2025/05/21 13:49:32 Error converting user ID to int at endpoint (/notifications/get/user-id/undefined): strconv.Atoi: parsing "undefined": invalid syntax
2025/05/21 13:51:05 Error converting user ID to int at endpoint (/notifications/get/user-id/undefined): strconv.Atoi: parsing "undefined": invalid syntax
2025/05/21 13:51:11 Error converting user ID to int at endpoint (/notifications/get/user-id/undefined): strconv.Atoi: parsing "undefined": invalid syntax
2025/05/21 13:52:00 Error converting user ID to int at endpoint (/notifications/get/user-id/undefined): strconv.Atoi: parsing "undefined": invalid syntax
2025/05/21 13:52:10 Invalid password at endpoint (/auth/login).
2025/05/21 13:58:30 Error converting user ID to int at endpoint (/notifications/get/user-id/undefined): strconv.Atoi: parsing "undefined": invalid syntax
2025/05/21 14:02:52 Error converting user ID to int at endpoint (/notifications/get/user-id/undefined): strconv.Atoi: parsing "undefined": invalid syntax
2025/05/21 14:03:10 Error converting user ID to int at endpoint (/notifications/get/user-id/undefined): strconv.Atoi: parsing "undefined": invalid syntax
2025/05/21 14:03:44 Log output is set to ../logs/server.log
2025/05/21 14:03:45 DB HTTP Server is started listening on port : 8080
2025/05/21 14:03:48 Error converting user ID to int at endpoint (/notifications/get/user-id/undefined): strconv.Atoi: parsing "undefined": invalid syntax
2025/05/21 14:03:57 Error converting user ID to int at endpoint (/notifications/get/user-id/undefined): strconv.Atoi: parsing "undefined": invalid syntax
2025/05/21 14:05:46 Error converting user ID to int at endpoint (/notifications/get/user-id/undefined): strconv.Atoi: parsing "undefined": invalid syntax
2025/05/21 14:05:51 Error converting user ID to int at endpoint (/notifications/get/user-id/undefined): strconv.Atoi: parsing "undefined": invalid syntax
2025/05/21 14:06:01 Error converting user ID to int at endpoint (/notifications/get/user-id/undefined): strconv.Atoi: parsing "undefined": invalid syntax
2025/05/21 14:06:03 Error converting user ID to int at endpoint (/notifications/get/user-id/undefined): strconv.Atoi: parsing "undefined": invalid syntax
2025/05/21 14:06:07 Error converting user ID to int at endpoint (/notifications/get/user-id/undefined): strconv.Atoi: parsing "undefined": invalid syntax
2025/05/21 15:45:13 Error converting user ID to int at endpoint (/notifications/get/user-id/undefined): strconv.Atoi: parsing "undefined": invalid syntax
2025/05/22 20:06:57 (Error) : error getting graduation_status : record not found
2025/05/22 20:07:20 (Error) : error getting graduation_status : record not found
2025/05/22 20:07:34 Error converting user ID to int at endpoint (/notifications/get/user-id/undefined): strconv.Atoi: parsing "undefined": invalid syntax
2025/05/22 20:07:45 (Error) : error getting graduation_status : record not found
2025/05/22 20:10:42 (Error) : error getting graduation_status : record not found
2025/05/22 20:10:44 Error converting user ID to int at endpoint (/notifications/get/user-id/undefined): strconv.Atoi: parsing "undefined": invalid syntax
2025/05/22 22:13:36 Error converting user ID to int at endpoint (/notifications/get/user-id/undefined): strconv.Atoi: parsing "undefined": invalid syntax
2025/05/22 22:21:52 Error converting user ID to int at endpoint (/notifications/get/user-id/undefined): strconv.Atoi: parsing "undefined": invalid syntax
2025/05/22 22:21:56 Invalid password at endpoint (/auth/login).
2025/05/22 22:32:38 Error converting user ID to int at endpoint (/notifications/get/user-id/undefined): strconv.Atoi: parsing "undefined": invalid syntax
2025/05/22 22:37:23 Log output is set to ../logs/server.log
2025/05/22 22:37:23 (Error) : error getting roles : Error 1146 (42S02): Table 'gms.roles' doesn't exist
2025/05/22 22:37:23 (Error) : error creating role : Error 1146 (42S02): Table 'gms.roles' doesn't exist
2025/05/22 22:37:23 (Error) : error creating role : Error 1146 (42S02): Table 'gms.roles' doesn't exist
2025/05/22 22:37:23 (Error) : error creating role : Error 1146 (42S02): Table 'gms.roles' doesn't exist
2025/05/22 22:37:23 (Error) : error creating role : Error 1146 (42S02): Table 'gms.roles' doesn't exist
2025/05/22 22:37:23 (Error) : error creating role : Error 1146 (42S02): Table 'gms.roles' doesn't exist
2025/05/22 22:37:24 DB HTTP Server is started listening on port : 8080
2025/05/22 22:37:49 Log output is set to ../logs/server.log
2025/05/22 22:37:49 DB HTTP Server is started listening on port : 8080
2025/05/22 22:38:25 Log output is set to ../logs/server.log
2025/05/22 22:38:25 DB HTTP Server is started listening on port : 8080
2025/05/22 22:38:39 Error parsing JWT token at JWT Middleware: tokenstring should not contain 'bearer '
2025/05/22 22:38:55 Error parsing JWT token at JWT Middleware: tokenstring should not contain 'bearer '
2025/05/22 22:38:55 Error parsing JWT token at JWT Middleware: tokenstring should not contain 'bearer '
2025/05/22 22:39:57 Log output is set to ../logs/server.log
2025/05/22 22:39:57 DB HTTP Server is started listening on port : 8080
2025/05/22 22:40:36 Error parsing JWT token at JWT Middleware: illegal base64 data at input byte 0
2025/05/22 22:40:36 Error parsing JWT token at JWT Middleware: illegal base64 data at input byte 0
2025/05/22 22:40:37 Error parsing JWT token at JWT Middleware: illegal base64 data at input byte 0
2025/05/22 22:40:37 Error parsing JWT token at JWT Middleware: illegal base64 data at input byte 0
2025/05/22 22:40:42 Error parsing JWT token at JWT Middleware: tokenstring should not contain 'bearer '
2025/05/22 22:40:42 Error parsing JWT token at JWT Middleware: tokenstring should not contain 'bearer '
2025/05/22 22:41:21 Log output is set to ../logs/server.log
2025/05/22 22:41:22 DB HTTP Server is started listening on port : 8080
2025/05/22 23:00:46 Log output is set to ../logs/server.log
2025/05/22 23:00:46 DB HTTP Server is started listening on port : 8080
2025/05/22 23:06:36 Log output is set to ../logs/server.log
2025/05/22 23:06:36 DB HTTP Server is started listening on port : 8080
2025/05/22 23:07:23 Log output is set to ../logs/server.log
2025/05/22 23:07:24 (Error) : error getting advisor : record not found
2025/05/22 23:07:24 DB HTTP Server is started listening on port : 8080
2025/05/22 23:07:39 (Error) : error getting user : record not found
2025/05/22 23:07:39 User not found at endpoint (/auth/login).
2025/05/22 23:07:41 (Error) : error getting user : record not found
2025/05/22 23:07:41 User not found at endpoint (/auth/login).
2025/05/22 23:45:05 Log output is set to ../logs/server.log
2025/05/22 23:45:05 (Error) : error getting advisor : record not found
2025/05/22 23:45:05 DB HTTP Server is started listening on port : 8080
2025/05/22 23:45:18 (Error) : error getting student list detailed by user ids : Error 1054 (42S22): Unknown column 'students.user_id' in 'where clause'
2025/05/22 23:47:04 Log output is set to ../logs/server.log
2025/05/22 23:47:04 DB HTTP Server is started listening on port : 8080
2025/05/22 23:49:29 Log output is set to ../logs/server.log
2025/05/22 23:49:29 DB HTTP Server is started listening on port : 8080
2025/05/22 23:53:03 Log output is set to ../logs/server.log
2025/05/22 23:53:03 DB HTTP Server is started listening on port : 8080
2025/05/22 23:53:09 (Error) : error getting student list detailed by user ids : Error 1054 (42S22): Unknown column 'users.student_id' in 'on clause'
2025/05/22 23:53:33 Log output is set to ../logs/server.log
2025/05/22 23:53:34 DB HTTP Server is started listening on port : 8080
2025/05/23 00:38:44 Log output is set to ../logs/server.log
2025/05/23 00:38:44 DB HTTP Server is started listening on port : 8080
2025/05/23 00:38:54 Invalid password at endpoint (/auth/login).
2025/05/23 00:41:43 Log output is set to ../logs/server.log
2025/05/23 00:41:44 DB HTTP Server is started listening on port : 8080
2025/05/23 00:42:23 Invalid password at endpoint (/auth/login).
2025/05/23 00:44:21 (Error) : error getting user : record not found
2025/05/23 00:44:21 User not found at endpoint (/auth/login).
2025/05/23 00:55:24 Log output is set to ../logs/server.log
2025/05/23 00:55:24 DB HTTP Server is started listening on port : 8080
2025/05/23 00:55:43 Invalid password at endpoint (/auth/login).
2025/05/23 00:56:31 Invalid password at endpoint (/auth/login).
2025/05/23 09:56:55 (Error) : error getting user : record not found
2025/05/23 09:56:55 User not found at endpoint (/auth/login).
2025/05/24 01:21:39 Log output is set to ../logs/server.log
2025/05/24 01:21:39 DB HTTP Server is started listening on port : 8080
2025/05/24 01:25:53 (Error) : error getting user : record not found
2025/05/24 01:25:53 User not found at endpoint (/auth/login).
2025/05/24 01:42:36 (Error) : error getting user : record not found
2025/05/24 01:42:36 User not found at endpoint (/auth/login).
2025/05/24 01:50:14 Log output is set to ../logs/server.log
2025/05/24 01:50:15 DB HTTP Server is started listening on port : 8080
2025/05/24 02:01:13 Log output is set to ../logs/server.log
2025/05/24 02:01:14 DB HTTP Server is started listening on port : 8080
2025/05/24 02:01:34 Invalid password at endpoint (/auth/login).
2025/05/24 12:17:12 Error parsing JWT token at JWT Middleware: Token is expired
2025/05/24 12:17:12 Error parsing JWT token at JWT Middleware: Token is expired
2025/05/24 12:36:43 Invalid password at endpoint (/auth/login).
2025/05/24 12:44:20 (Error) : error getting user : record not found
2025/05/24 12:44:20 User not found at endpoint (/auth/login).
2025/05/24 12:44:25 Invalid password at endpoint (/auth/login).
2025/05/24 13:00:18 Invalid password at endpoint (/auth/login).
2025/05/24 13:00:31 Invalid password at endpoint (/auth/login).
2025/05/24 13:00:57 (Error) : error getting user : record not found
2025/05/24 13:00:57 User not found at endpoint (/auth/login).
2025/05/24 13:01:37 Invalid password at endpoint (/auth/login).
2025/05/24 13:01:45 Invalid password at endpoint (/auth/login).
2025/05/24 15:16:31 Log output is set to ../logs/server.log
2025/05/24 15:16:31 Error loading directory database/dbInitializer/defaultUsers: open database/dbInitializer/defaultUsers: no such file or directory
2025/05/24 15:16:31 DB HTTP Server is started listening on port : 8080
2025/05/24 15:17:31 (Error) : error getting user : record not found
2025/05/24 15:17:31 User not found at endpoint (/auth/login).
2025/05/24 15:17:41 (Error) : error getting user : record not found
2025/05/24 15:17:41 User not found at endpoint (/auth/login).
2025/05/24 15:20:07 Log output is set to ../logs/server.log
2025/05/24 15:20:09 (Error) : error getting student : record not found
2025/05/24 15:20:09 (Error) : error getting student : record not found
2025/05/24 15:20:09 (Error) : error getting student : record not found
2025/05/24 15:20:09 (Error) : error getting student : record not found
2025/05/24 15:20:09 (Error) : error getting student : record not found
2025/05/24 15:20:09 (Error) : error getting student : record not found
2025/05/24 15:20:09 (Error) : error getting student : record not found
2025/05/24 15:20:09 (Error) : error getting student : record not found
2025/05/24 15:20:09 (Error) : error getting student : record not found
2025/05/24 15:20:09 (Error) : error getting student : record not found
2025/05/24 15:20:09 (Error) : error getting student : record not found
2025/05/24 15:20:09 (Error) : error getting student : record not found
2025/05/24 15:20:09 (Error) : error getting student : record not found
2025/05/24 15:20:09 (Error) : error getting student : record not found
2025/05/24 15:20:09 (Error) : error getting student : record not found
2025/05/24 15:20:09 (Error) : error getting student : record not found
2025/05/24 15:20:10 (Error) : error getting student : record not found
2025/05/24 15:20:10 (Error) : error getting student : record not found
2025/05/24 15:20:10 (Error) : error getting student : record not found
2025/05/24 15:20:10 (Error) : error creating user : Error 1062 (23000): Duplicate entry '' for key 'users.uni_users_username'
2025/05/24 15:20:10 (Error) : error creating user : Error 1062 (23000): Duplicate entry '' for key 'users.uni_users_username'
2025/05/24 15:20:10 (Error) : error creating user : Error 1062 (23000): Duplicate entry '' for key 'users.uni_users_username'
2025/05/24 15:20:10 (Error) : error creating user : Error 1062 (23000): Duplicate entry '' for key 'users.uni_users_username'
2025/05/24 15:20:11 (Error) : error creating user : Error 1062 (23000): Duplicate entry '' for key 'users.uni_users_username'
2025/05/24 15:20:11 (Error) : error creating user : Error 1062 (23000): Duplicate entry '' for key 'users.uni_users_username'
2025/05/24 15:20:11 (Error) : error creating user : Error 1062 (23000): Duplicate entry '' for key 'users.uni_users_username'
2025/05/24 15:20:11 (Error) : error creating user : Error 1062 (23000): Duplicate entry '' for key 'users.uni_users_username'
2025/05/24 15:20:11 (Error) : error creating user : Error 1062 (23000): Duplicate entry '' for key 'users.uni_users_username'
2025/05/24 15:20:11 (Error) : error creating user : Error 1062 (23000): Duplicate entry '' for key 'users.uni_users_username'
2025/05/24 15:20:11 (Error) : error creating user : Error 1062 (23000): Duplicate entry '' for key 'users.uni_users_username'
2025/05/24 15:20:11 (Error) : error creating user : Error 1062 (23000): Duplicate entry '' for key 'users.uni_users_username'
2025/05/24 15:20:11 (Error) : error creating user : Error 1062 (23000): Duplicate entry '' for key 'users.uni_users_username'
2025/05/24 15:20:12 (Error) : error creating user : Error 1062 (23000): Duplicate entry '' for key 'users.uni_users_username'
2025/05/24 15:20:12 (Error) : error creating user : Error 1062 (23000): Duplicate entry '' for key 'users.uni_users_username'
2025/05/24 15:20:12 (Error) : error creating user : Error 1062 (23000): Duplicate entry '' for key 'users.uni_users_username'
2025/05/24 15:20:12 (Error) : error creating user : Error 1062 (23000): Duplicate entry '' for key 'users.uni_users_username'
2025/05/24 15:20:12 (Error) : error creating user : Error 1062 (23000): Duplicate entry '' for key 'users.uni_users_username'
2025/05/24 15:20:12 (Error) : error creating user : Error 1062 (23000): Duplicate entry '' for key 'users.uni_users_username'
2025/05/24 15:20:12 (Error) : error creating user : Error 1062 (23000): Duplicate entry '' for key 'users.uni_users_username'
2025/05/24 15:20:12 (Error) : error getting student : record not found
2025/05/24 15:20:12 (Error) : error getting student : record not found
2025/05/24 15:20:12 (Error) : error getting student : record not found
2025/05/24 15:20:12 (Error) : error getting student : record not found
2025/05/24 15:20:12 (Error) : error getting student : record not found
2025/05/24 15:20:12 (Error) : error getting student : record not found
2025/05/24 15:20:12 (Error) : error getting student : record not found
2025/05/24 15:20:12 (Error) : error getting student : record not found
2025/05/24 15:20:12 (Error) : error getting student : record not found
2025/05/24 15:20:12 (Error) : error getting student : record not found
2025/05/24 15:20:12 (Error) : error getting student : record not found
2025/05/24 15:20:12 (Error) : error getting student : record not found
2025/05/24 15:20:12 (Error) : error getting student : record not found
2025/05/24 15:20:12 (Error) : error getting student : record not found
2025/05/24 15:20:12 (Error) : error getting student : record not found
2025/05/24 15:20:12 (Error) : error getting student : record not found
2025/05/24 15:20:12 (Error) : error getting student : record not found
2025/05/24 15:20:12 (Error) : error getting student : record not found
2025/05/24 15:20:12 (Error) : error getting student : record not found
2025/05/24 15:20:12 (Error) : error getting student : record not found
2025/05/24 15:20:12 (Error) : error getting student : record not found
2025/05/24 15:20:13 (Error) : error getting student : record not found
2025/05/24 15:20:13 (Error) : error getting student : record not found
2025/05/24 15:20:13 (Error) : error getting student : record not found
2025/05/24 15:20:13 (Error) : error getting student : record not found
2025/05/24 15:20:13 (Error) : error getting student : record not found
2025/05/24 15:20:13 (Error) : error getting student : record not found
2025/05/24 15:20:13 (Error) : error getting advisor : record not found
2025/05/24 15:20:13 (Error) : error getting advisor : record not found
2025/05/24 15:20:13 (Error) : error getting advisor : record not found
2025/05/24 15:20:13 (Error) : error getting advisor : record not found
2025/05/24 15:20:13 (Error) : error getting advisor : record not found
2025/05/24 15:20:13 (Error) : error getting advisor : record not found
2025/05/24 15:20:13 (Error) : error getting advisor : record not found
2025/05/24 15:20:14 (Error) : error getting advisor : record not found
2025/05/24 15:20:14 (Error) : error getting advisor : record not found
2025/05/24 15:20:14 (Error) : error getting advisor : record not found
2025/05/24 15:20:14 (Error) : error getting advisor : record not found
2025/05/24 15:20:14 (Error) : error getting advisor : record not found
2025/05/24 15:20:14 (Error) : error getting advisor : record not found
2025/05/24 15:20:14 (Error) : error getting advisor : record not found
2025/05/24 15:20:14 (Error) : error getting advisor : record not found
2025/05/24 15:20:14 (Error) : error getting advisor : record not found
2025/05/24 15:20:15 (Error) : error getting advisor : record not found
2025/05/24 15:20:15 (Error) : error getting advisor : record not found
2025/05/24 15:20:15 (Error) : error getting advisor : record not found
2025/05/24 15:20:15 (Error) : error getting advisor : record not found
2025/05/24 15:20:15 (Error) : error getting advisor : record not found
2025/05/24 15:20:15 (Error) : error getting student : record not found
2025/05/24 15:20:15 (Error) : error getting student : record not found
2025/05/24 15:20:15 (Error) : error getting student : record not found
2025/05/24 15:20:15 (Error) : error getting student : record not found
2025/05/24 15:20:15 (Error) : error getting student : record not found
2025/05/24 15:20:15 (Error) : error getting student : record not found
2025/05/24 15:20:15 (Error) : error getting student : record not found
2025/05/24 15:20:15 (Error) : error getting student : record not found
2025/05/24 15:20:15 (Error) : error getting student : record not found
2025/05/24 15:20:15 (Error) : error getting student : record not found
2025/05/24 15:20:15 (Error) : error getting student : record not found
2025/05/24 15:20:15 (Error) : error getting student : record not found
2025/05/24 15:20:15 (Error) : error getting student : record not found
2025/05/24 15:20:15 (Error) : error getting student : record not found
2025/05/24 15:20:15 (Error) : error getting student : record not found
2025/05/24 15:20:15 (Error) : error getting student : record not found
2025/05/24 15:20:15 (Error) : error getting student : record not found
2025/05/24 15:20:15 (Error) : error getting student : record not found
2025/05/24 15:20:15 (Error) : error getting student : record not found
2025/05/24 15:20:15 (Error) : error getting student : record not found
2025/05/24 15:20:15 (Error) : error getting student : record not found
2025/05/24 15:20:15 DB HTTP Server is started listening on port : 8080
2025/05/24 15:26:38 Log output is set to ../logs/server.log
2025/05/24 15:26:42 (Error) : error getting advisor : record not found
2025/05/24 15:26:42 (Error) : error getting advisor : record not found
2025/05/24 15:26:42 (Error) : error getting advisor : record not found
2025/05/24 15:26:43 (Error) : error getting advisor : record not found
2025/05/24 15:26:43 (Error) : error getting advisor : record not found
2025/05/24 15:26:43 (Error) : error getting advisor : record not found
2025/05/24 15:26:43 (Error) : error getting advisor : record not found
2025/05/24 15:26:43 (Error) : error getting advisor : record not found
2025/05/24 15:26:44 (Error) : error getting advisor : record not found
2025/05/24 15:26:44 (Error) : error getting advisor : record not found
2025/05/24 15:26:44 (Error) : error getting advisor : record not found
2025/05/24 15:26:44 (Error) : error getting advisor : record not found
2025/05/24 15:26:44 (Error) : error getting advisor : record not found
2025/05/24 15:26:44 (Error) : error getting advisor : record not found
2025/05/24 15:26:45 (Error) : error getting advisor : record not found
2025/05/24 15:26:45 (Error) : error getting advisor : record not found
2025/05/24 15:26:45 (Error) : error getting advisor : record not found
2025/05/24 15:26:45 (Error) : error getting advisor : record not found
2025/05/24 15:26:45 (Error) : error getting advisor : record not found
2025/05/24 15:26:46 (Error) : error getting advisor : record not found
2025/05/24 15:26:46 (Error) : error getting advisor : record not found
2025/05/24 15:26:46 DB HTTP Server is started listening on port : 8080
2025/05/24 15:29:54 Log output is set to ../logs/server.log
2025/05/24 15:29:56 (Error) : error getting advisor : record not found
2025/05/24 15:29:57 (Error) : error getting advisor : record not found
2025/05/24 15:29:57 (Error) : error getting advisor : record not found
2025/05/24 15:29:57 (Error) : error getting advisor : record not found
2025/05/24 15:29:57 (Error) : error getting advisor : record not found
2025/05/24 15:29:57 (Error) : error getting advisor : record not found
2025/05/24 15:29:58 (Error) : error getting advisor : record not found
2025/05/24 15:29:58 (Error) : error getting advisor : record not found
2025/05/24 15:29:58 (Error) : error getting advisor : record not found
2025/05/24 15:29:58 (Error) : error getting advisor : record not found
2025/05/24 15:29:58 (Error) : error getting advisor : record not found
2025/05/24 15:29:59 (Error) : error getting advisor : record not found
2025/05/24 15:29:59 (Error) : error getting advisor : record not found
2025/05/24 15:29:59 (Error) : error getting advisor : record not found
2025/05/24 15:29:59 (Error) : error getting advisor : record not found
2025/05/24 15:29:59 (Error) : error getting advisor : record not found
2025/05/24 15:29:59 (Error) : error getting advisor : record not found
2025/05/24 15:29:59 (Error) : error getting advisor : record not found
2025/05/24 15:30:00 (Error) : error getting advisor : record not found
2025/05/24 15:30:00 (Error) : error getting advisor : record not found
2025/05/24 15:30:00 (Error) : error getting advisor : record not found
2025/05/24 15:30:00 DB HTTP Server is started listening on port : 8080
2025/05/24 15:32:12 Log output is set to ../logs/server.log
2025/05/24 15:32:17 (Error) : error getting advisor : record not found
2025/05/24 15:32:19 DB HTTP Server is started listening on port : 8080
2025/05/24 18:45:35 (Error) : error getting graduation_status : record not found
2025/05/24 18:51:07 Log output is set to ../logs/server.log
2025/05/24 18:51:14 DB HTTP Server is started listening on port : 8080
2025/05/24 19:00:27 Log output is set to ../logs/server.log
2025/05/24 19:00:34 DB HTTP Server is started listening on port : 8080
2025/05/24 19:08:31 (Error) : error getting graduation_status : record not found
2025/05/24 19:15:59 Log output is set to ../logs/server.log
2025/05/24 19:16:05 DB HTTP Server is started listening on port : 8080
2025/05/24 19:17:26 Log output is set to ../logs/server.log
2025/05/24 19:17:34 DB HTTP Server is started listening on port : 8080
2025/05/24 19:17:49 Request body: {"id":30,"student_id":30,"advisor_id":3,"student":{"id":30,"advisor_id":3},"user":{"id":30,"first_name":"Gizem","last_name":"Karaca","telephone":"todo","email":"todo","username":"277861066","password":"$2a$10$VfGQoHPIzg6sqWNt1IbzK.cemjCEjDHxr17UbvCr25WVAZESAKEt6","role":"student"},"graduation_status":{"id":5,"year":2025,"student_id":30,"student_semester":9,"student_gpa":3.04,"student_credits":142,"is_system_confirmed":0,"is_advisor_confirmed":3,"is_dep_sec_confirmed":2,"is_faculty_confirmed":2,"is_std_aff_confirmed":2}}
2025/05/24 19:17:49 Decoded body: {ID:30 Year:0 StudentID:30 StudentSemester:0 StudentGPA:0 StudentCredits:0 IsSystemConfirmed:0 IsAdvisorConfirmed:0 IsDepSecConfirmed:0 IsFacultyConfirmed:0 IsStdAffConfirmed:0}
2025/05/24 19:23:24 Request body: {"id":13,"year":2025,"student_id":38,"student_semester":10,"student_gpa":3.14,"student_credits":155,"is_system_confirmed":0,"is_advisor_confirmed":3,"is_dep_sec_confirmed":2,"is_faculty_confirmed":2,"is_std_aff_confirmed":2}
2025/05/24 19:23:24 Decoded body: {ID:13 Year:2025 StudentID:38 StudentSemester:10 StudentGPA:3.14 StudentCredits:155 IsSystemConfirmed:0 IsAdvisorConfirmed:3 IsDepSecConfirmed:2 IsFacultyConfirmed:2 IsStdAffConfirmed:2}
2025/05/24 19:23:43 Request body: {"id":17,"year":2025,"student_id":42,"student_semester":9,"student_gpa":2.35,"student_credits":137,"is_system_confirmed":0,"is_advisor_confirmed":3,"is_dep_sec_confirmed":2,"is_faculty_confirmed":2,"is_std_aff_confirmed":2}
2025/05/24 19:23:43 Decoded body: {ID:17 Year:2025 StudentID:42 StudentSemester:9 StudentGPA:2.35 StudentCredits:137 IsSystemConfirmed:0 IsAdvisorConfirmed:3 IsDepSecConfirmed:2 IsFacultyConfirmed:2 IsStdAffConfirmed:2}
2025/05/24 19:29:45 Log output is set to ../logs/server.log
2025/05/24 19:29:52 DB HTTP Server is started listening on port : 8080
2025/05/24 19:49:28 (Error) : error getting graduation_status : record not found
2025/05/24 19:49:30 (Error) : error getting graduation_status : record not found
2025/05/24 19:49:41 (Error) : error getting graduation_status : record not found
2025/05/24 19:52:09 (Error) : error getting graduation_status : record not found
2025/05/24 19:52:18 (Error) : error getting graduation_status : record not found
2025/05/24 19:52:37 (Error) : error getting graduation_status : record not found
2025/05/24 19:52:42 (Error) : error getting graduation_status : record not found
2025/05/24 19:53:02 Log output is set to ../logs/server.log
2025/05/24 19:53:11 DB HTTP Server is started listening on port : 8080
2025/05/24 19:53:30 (Error) : error getting graduation_status : record not found
2025/05/24 19:53:54 (Error) : error getting graduation_status : record not found
2025/05/24 19:53:59 (Error) : error getting graduation_status : record not found
2025/05/24 19:54:25 (Error) : error getting graduation_status : record not found
2025/05/24 19:54:26 (Error) : error getting graduation_status : record not found
2025/05/24 19:54:41 (Error) : error getting graduation_status : record not found
2025/05/24 19:54:47 (Error) : error getting graduation_status : record not found
2025/05/24 19:57:26 (Error) : error getting graduation_status : record not found
2025/05/24 19:57:26 (Error) : error getting graduation_status : record not found
2025/05/24 19:57:26 (Error) : error getting graduation_status : record not found
2025/05/24 19:58:21 (Error) : error getting graduation_status : record not found
2025/05/24 20:04:03 Log output is set to ../logs/server.log
2025/05/24 20:04:15 DB HTTP Server is started listening on port : 8080
2025/05/24 20:07:08 Log output is set to ../logs/server.log
2025/05/24 20:07:14 DB HTTP Server is started listening on port : 8080
2025/05/24 20:09:12 Log output is set to ../logs/server.log
2025/05/24 20:09:18 DB HTTP Server is started listening on port : 8080
2025/05/24 20:09:51 Log output is set to ../logs/server.log
2025/05/24 20:09:58 DB HTTP Server is started listening on port : 8080
2025/05/24 20:10:53 Log output is set to ../logs/server.log
2025/05/24 20:11:13 DB HTTP Server is started listening on port : 8080
2025/05/24 20:18:55 Log output is set to ../logs/server.log
2025/05/24 20:19:03 DB HTTP Server is started listening on port : 8080
2025/05/24 20:19:50 Log output is set to ../logs/server.log
2025/05/24 20:19:59 DB HTTP Server is started listening on port : 8080
2025/05/24 20:20:22 Log output is set to ../logs/server.log
2025/05/24 20:20:44 DB HTTP Server is started listening on port : 8080
2025/05/24 20:21:51 Log output is set to ../logs/server.log
2025/05/24 20:21:56 DB HTTP Server is started listening on port : 8080
2025/05/24 20:22:41 Log output is set to ../logs/server.log
2025/05/24 20:23:47 DB HTTP Server is started listening on port : 8080
2025/05/24 21:50:40 (Error) : error getting graduation_status : record not found
2025/05/24 21:52:26 (Error) : error getting graduation_status : record not found
2025/05/24 23:07:48 Log output is set to ../logs/server.log
2025/05/24 23:07:53 DB HTTP Server is started listening on port : 8080
2025/05/24 23:08:17 Log output is set to ../logs/server.log
2025/05/24 23:08:23 DB HTTP Server is started listening on port : 8080
2025/05/25 00:21:55 (Error) : error getting graduation_status : record not found
2025/05/25 00:41:09 (Error) : error getting user : record not found
2025/05/25 00:41:09 User not found at endpoint (/auth/login).
2025/05/25 11:01:50 Log output is set to ../logs/server.log
2025/05/25 11:01:56 DB HTTP Server is started listening on port : 8080
2025/05/25 11:08:02 Log output is set to ../logs/server.log
2025/05/25 11:08:08 DB HTTP Server is started listening on port : 8080
2025/05/25 11:12:18 Log output is set to ../logs/server.log
2025/05/25 11:12:27 DB HTTP Server is started listening on port : 8080
2025/05/25 11:48:43 (Error) : error getting graduation_status : record not found
2025/05/25 11:48:43 Student 3 not found
2025/05/25 11:56:06 Student 5 not found
2025/05/25 11:56:06 (Error) : error getting graduation_status : record not found
2025/05/25 12:06:29 (Error) : error getting graduation_status : record not found
2025/05/25 12:06:29 Student 15 not found
2025/05/25 12:13:53 Log output is set to ../logs/server.log
2025/05/25 12:14:00 DB HTTP Server is started listening on port : 8080
2025/05/25 12:14:03 (Error) : error getting student list detailed by user ids : Faculty: unsupported relations for schema StudentDetailed
2025/05/25 12:14:21 (Error) : error getting student list detailed by user ids : Faculty: unsupported relations for schema StudentDetailed
2025/05/25 12:14:33 Log output is set to ../logs/server.log
2025/05/25 12:14:39 DB HTTP Server is started listening on port : 8080
2025/05/25 12:14:44 (Error) : error getting student list detailed by user ids : Faculty: unsupported relations for schema StudentDetailed
2025/05/25 12:14:54 (Error) : error getting student list detailed by user ids : Faculty: unsupported relations for schema StudentDetailed
2025/05/25 12:16:59 (Error) : error getting student list detailed by user ids : Faculty: unsupported relations for schema StudentDetailed
2025/05/25 12:18:19 (Error) : error getting student list detailed by user ids : Faculty: unsupported relations for schema StudentDetailed
2025/05/25 12:18:27 (Error) : error getting student list detailed by user ids : Faculty: unsupported relations for schema StudentDetailed
2025/05/25 12:22:13 Log output is set to ../logs/server.log
2025/05/25 12:22:18 DB HTTP Server is started listening on port : 8080
2025/05/25 12:22:22 (Error) : error getting student list detailed by user ids : Error 1054 (42S22): Unknown column 'students.department_name' in 'on clause'
2025/05/25 12:22:22 Student 26 not found
2025/05/25 12:22:32 (Error) : error getting student list detailed by user ids : Error 1054 (42S22): Unknown column 'students.department_name' in 'on clause'
2025/05/25 12:22:32 Student 26 not found
2025/05/25 12:23:36 Log output is set to ../logs/server.log
2025/05/25 12:23:43 DB HTTP Server is started listening on port : 8080
2025/05/25 12:24:07 Log output is set to ../logs/server.log
2025/05/25 12:24:14 DB HTTP Server is started listening on port : 8080
2025/05/25 12:25:02 Log output is set to ../logs/server.log
2025/05/25 12:25:10 DB HTTP Server is started listening on port : 8080
2025/05/25 12:27:59 Log output is set to ../logs/server.log
2025/05/25 12:28:05 DB HTTP Server is started listening on port : 8080
2025/05/25 12:40:23 Log output is set to ../logs/server.log
2025/05/25 12:40:29 DB HTTP Server is started listening on port : 8080
2025/05/25 12:45:30 Log output is set to ../logs/server.log
2025/05/25 12:45:36 DB HTTP Server is started listening on port : 8080
2025/05/25 12:49:28 Log output is set to ../logs/server.log
2025/05/25 12:49:35 DB HTTP Server is started listening on port : 8080
2025/05/25 12:49:37 Log output is set to ../logs/server.log
2025/05/25 12:49:43 DB HTTP Server is started listening on port : 8080
2025/05/25 12:49:56 Error parsing JWT token at JWT Middleware: Token is expired
2025/05/25 12:49:56 Error parsing JWT token at JWT Middleware: Token is expired
2025/05/25 12:49:56 Error parsing JWT token at JWT Middleware: Token is expired
2025/05/25 12:54:40 Log output is set to ../logs/server.log
2025/05/25 12:54:46 DB HTTP Server is started listening on port : 8080
2025/05/25 13:23:22 Error decoding request at endpoint (/graduation-status/update): unexpected end of JSON input
2025/05/25 13:23:22 Error decoding request at endpoint (/graduation-status/update): unexpected end of JSON input
2025/05/25 13:23:55 Log output is set to ../logs/server.log
2025/05/25 13:24:03 DB HTTP Server is started listening on port : 8080
2025/05/25 13:26:15 Student 2 not found
2025/05/25 13:26:15 (Error) : error getting graduation_status : record not found
2025/05/25 13:26:20 Student 2 not found
2025/05/25 13:26:20 (Error) : error getting graduation_status : record not found
2025/05/25 13:26:28 Student 2 not found
2025/05/25 13:26:28 (Error) : error getting graduation_status : record not found
2025/05/25 13:28:49 Error decoding request at endpoint (/graduation-status/update): unexpected end of JSON input
2025/05/25 13:28:49 Error decoding request at endpoint (/graduation-status/update): unexpected end of JSON input
2025/05/25 13:28:49 Error decoding request at endpoint (/graduation-status/update): unexpected end of JSON input
2025/05/25 13:29:16 Error decoding request at endpoint (/graduation-status/update): unexpected end of JSON input
2025/05/25 13:29:18 Error decoding request at endpoint (/graduation-status/update): unexpected end of JSON input
2025/05/25 13:29:19 Error decoding request at endpoint (/graduation-status/update): unexpected end of JSON input
2025/05/25 13:29:19 Error decoding request at endpoint (/graduation-status/update): unexpected end of JSON input
2025/05/25 13:29:19 Error decoding request at endpoint (/graduation-status/update): unexpected end of JSON input
2025/05/25 13:29:31 Error decoding request at endpoint (/graduation-status/update): unexpected end of JSON input
2025/05/25 13:29:31 Error decoding request at endpoint (/graduation-status/update): unexpected end of JSON input
2025/05/25 13:29:32 Error decoding request at endpoint (/graduation-status/update): unexpected end of JSON input
2025/05/25 13:31:00 Error decoding request at endpoint (/graduation-status/update): unexpected end of JSON input
2025/05/25 13:31:44 Log output is set to ../logs/server.log
2025/05/25 13:31:50 DB HTTP Server is started listening on port : 8080
2025/05/25 13:50:06 (Error) : error getting graduation_status : record not found
2025/05/25 13:50:06 Student 2 not found
2025/05/25 13:55:11 (Error) : error getting user : record not found
2025/05/25 13:55:11 User not found at endpoint (/auth/login).
2025/05/25 13:55:20 (Error) : error getting user : record not found
2025/05/25 13:55:20 User not found at endpoint (/auth/login).
2025/05/25 13:55:24 (Error) : error getting user : record not found
2025/05/25 13:55:24 User not found at endpoint (/auth/login).
2025/05/25 13:56:01 Log output is set to ../logs/server.log
2025/05/25 13:56:08 DB HTTP Server is started listening on port : 8080
2025/05/25 13:56:22 Invalid password at endpoint (/auth/login).
2025/05/25 13:56:23 Invalid password at endpoint (/auth/login).
2025/05/25 13:56:26 Invalid password at endpoint (/auth/login).
2025/05/25 13:56:28 Invalid password at endpoint (/auth/login).
2025/05/25 13:56:29 Invalid password at endpoint (/auth/login).
2025/05/25 13:56:30 Invalid password at endpoint (/auth/login).
2025/05/25 13:56:32 Invalid password at endpoint (/auth/login).
2025/05/25 13:56:32 Invalid password at endpoint (/auth/login).
2025/05/25 13:56:33 Invalid password at endpoint (/auth/login).
2025/05/25 13:56:33 Invalid password at endpoint (/auth/login).
2025/05/25 13:56:33 Invalid password at endpoint (/auth/login).
2025/05/25 13:56:34 Invalid password at endpoint (/auth/login).
2025/05/25 13:56:34 Invalid password at endpoint (/auth/login).
2025/05/25 13:56:34 Invalid password at endpoint (/auth/login).
2025/05/25 13:57:09 Invalid password at endpoint (/auth/login).
2025/05/25 13:57:35 Log output is set to ../logs/server.log
2025/05/25 13:57:41 DB HTTP Server is started listening on port : 8080
2025/05/25 13:57:44 Invalid password at endpoint (/auth/login).
2025/05/25 13:57:46 Invalid password at endpoint (/auth/login).
2025/05/25 13:57:48 Invalid password at endpoint (/auth/login).
2025/05/25 13:57:49 Invalid password at endpoint (/auth/login).
2025/05/25 13:57:49 Invalid password at endpoint (/auth/login).
2025/05/25 13:57:50 Invalid password at endpoint (/auth/login).
2025/05/25 13:57:52 Invalid password at endpoint (/auth/login).
2025/05/25 13:59:03 Invalid password at endpoint (/auth/login).
2025/05/25 13:59:03 Invalid password at endpoint (/auth/login).
2025/05/25 13:59:04 Invalid password at endpoint (/auth/login).
2025/05/25 13:59:04 Invalid password at endpoint (/auth/login).
2025/05/25 13:59:04 Invalid password at endpoint (/auth/login).
2025/05/25 13:59:05 Invalid password at endpoint (/auth/login).
2025/05/25 14:00:05 Log output is set to ../logs/server.log
2025/05/25 14:00:13 Log output is set to ../logs/server.log
2025/05/25 14:00:18 DB HTTP Server is started listening on port : 8080
2025/05/25 14:00:21 Invalid password at endpoint (/auth/login).
2025/05/25 14:00:24 Invalid password at endpoint (/auth/login).
2025/05/25 14:00:25 Invalid password at endpoint (/auth/login).
2025/05/25 14:00:31 Invalid password at endpoint (/auth/login).
2025/05/25 14:00:33 Invalid password at endpoint (/auth/login).
2025/05/25 14:00:34 Invalid password at endpoint (/auth/login).
2025/05/25 14:00:43 Invalid password at endpoint (/auth/login).
2025/05/25 14:01:04 Log output is set to ../logs/server.log
2025/05/25 14:01:14 DB HTTP Server is started listening on port : 8080
2025/05/25 14:01:18 Invalid password at endpoint (/auth/login).
2025/05/25 14:01:19 Invalid password at endpoint (/auth/login).
2025/05/25 14:01:21 Invalid password at endpoint (/auth/login).
2025/05/25 14:02:36 Log output is set to ../logs/server.log
2025/05/25 14:02:46 DB HTTP Server is started listening on port : 8080
2025/05/25 14:02:51 Invalid password at endpoint (/auth/login).
2025/05/25 14:02:53 Invalid password at endpoint (/auth/login).
2025/05/25 14:03:11 Invalid password at endpoint (/auth/login).
2025/05/25 14:03:51 Invalid password at endpoint (/auth/login).
2025/05/25 14:03:52 Invalid password at endpoint (/auth/login).
2025/05/25 14:04:02 Log output is set to ../logs/server.log
2025/05/25 14:04:08 DB HTTP Server is started listening on port : 8080
2025/05/25 14:04:18 Invalid password at endpoint (/auth/login).
2025/05/25 14:04:30 Invalid password at endpoint (/auth/login).
2025/05/25 14:04:37 Invalid password at endpoint (/auth/login).
2025/05/25 14:05:24 Invalid password at endpoint (/auth/login).
2025/05/25 14:21:57 Invalid password at endpoint (/auth/login).
2025/05/25 14:53:23 Invalid password at endpoint (/auth/login).
2025/05/25 15:20:16 Invalid password at endpoint (/auth/login).
2025/05/25 15:23:19 (Error) : error getting user : record not found
2025/05/25 15:23:19 User not found at endpoint (/auth/login).
2025/05/25 15:26:05 (Error) : error getting user : record not found
2025/05/25 15:26:05 User not found at endpoint (/auth/login).
2025/05/25 15:26:06 (Error) : error getting user : record not found
2025/05/25 15:26:06 User not found at endpoint (/auth/login).
2025/05/25 15:53:46 (Error) : error getting user : record not found
2025/05/25 15:53:46 User not found at endpoint (/auth/login).
2025/05/25 16:04:27 (Error) : error getting user : record not found
2025/05/25 16:04:27 User not found at endpoint (/auth/login).
2025/05/25 16:04:32 (Error) : error getting user : record not found
2025/05/25 16:04:32 User not found at endpoint (/auth/login).
2025/05/25 16:35:27 Invalid password at endpoint (/auth/login).
2025/05/25 16:46:19 (Error) : error getting user : record not found
2025/05/25 16:46:19 User not found at endpoint (/auth/login).
2025/05/25 16:47:06 (Error) : error getting user : record not found
2025/05/25 16:47:06 User not found at endpoint (/auth/login).
2025/05/25 16:47:07 (Error) : error getting user : record not found
2025/05/25 16:47:07 User not found at endpoint (/auth/login).
2025/05/25 16:47:07 (Error) : error getting user : record not found
2025/05/25 16:47:07 User not found at endpoint (/auth/login).
2025/05/25 16:47:08 (Error) : error getting user : record not found
2025/05/25 16:47:08 User not found at endpoint (/auth/login).
2025/05/25 16:49:28 (Error) : error getting user : record not found
2025/05/25 16:49:28 User not found at endpoint (/auth/login).
2025/05/25 16:50:07 (Error) : error getting user : record not found
2025/05/25 16:50:07 User not found at endpoint (/auth/login).
2025/05/25 16:50:08 (Error) : error getting user : record not found
2025/05/25 16:50:08 User not found at endpoint (/auth/login).
2025/05/25 16:53:02 Log output is set to ../logs/server.log
2025/05/25 16:53:11 DB HTTP Server is started listening on port : 8080
2025/05/25 17:22:10 Log output is set to ../logs/server.log
2025/05/25 17:22:17 DB HTTP Server is started listening on port : 8080
2025/05/25 17:22:24 Student 32 not found
2025/05/25 17:22:24 (Error) : error getting graduation_status : record not found
2025/05/25 17:24:22 (Error) : error getting graduation_year : record not found
2025/05/25 17:24:58 (Error) : error getting graduation_year : record not found
2025/05/25 17:25:08 (Error) : error getting graduation_year : record not found
2025/05/25 17:28:50 (Error) : error getting graduation_year : record not found
2025/05/25 17:30:22 (Error) : error getting graduation_year : record not found
2025/05/25 17:31:22 Invalid password at endpoint (/auth/login).
2025/05/25 17:31:25 (Error) : error getting graduation_year : record not found
2025/05/25 17:31:44 Log output is set to ../logs/server.log
2025/05/25 17:31:54 DB HTTP Server is started listening on port : 8080
2025/05/25 17:31:57 (Error) : error getting graduation_year : record not found
2025/05/25 17:31:57 (Error) : error creating graduation_year : Error 1292 (22007): Incorrect datetime value: '0000-00-00' for column 'end_date' at row 1
2025/05/25 17:33:27 Log output is set to ../logs/server.log
2025/05/25 17:33:34 DB HTTP Server is started listening on port : 8080
2025/05/25 17:33:36 (Error) : error getting graduation_year : record not found
2025/05/25 17:33:41 (Error) : error getting graduation_year : record not found
2025/05/25 17:33:41 (Error) : error creating graduation_year : Error 1292 (22007): Incorrect datetime value: '0000-00-00' for column 'end_date' at row 1
2025/05/25 17:34:29 Log output is set to ../logs/server.log
2025/05/25 17:34:38 DB HTTP Server is started listening on port : 8080
2025/05/25 17:34:49 (Error) : error getting graduation_year : record not found
2025/05/25 17:37:04 Log output is set to ../logs/server.log
2025/05/25 17:37:12 DB HTTP Server is started listening on port : 8080
2025/05/25 17:37:47 (Error) : error getting graduation_year : record not found
2025/05/25 17:37:52 (Error) : error getting graduation_year : record not found
2025/05/25 17:39:37 Log output is set to ../logs/server.log
2025/05/25 17:39:45 DB HTTP Server is started listening on port : 8080
2025/05/25 17:39:48 (Error) : error getting graduation_year : record not found
2025/05/25 17:40:13 Log output is set to ../logs/server.log
2025/05/25 17:40:21 DB HTTP Server is started listening on port : 8080
2025/05/25 17:40:22 (Error) : error getting graduation_year : record not found
2025/05/25 17:40:25 (Error) : error getting graduation_year : record not found
2025/05/25 17:42:49 Log output is set to ../logs/server.log
2025/05/25 17:42:58 DB HTTP Server is started listening on port : 8080
2025/05/25 17:42:59 (Error) : error getting graduation_year : record not found
2025/05/25 17:43:01 (Error) : error getting graduation_year : record not found
2025/05/25 17:45:11 Log output is set to ../logs/server.log
2025/05/25 17:45:21 DB HTTP Server is started listening on port : 8080
2025/05/25 17:45:31 (Error) : error getting graduation_year : record not found
2025/05/25 17:57:42 Log output is set to ../logs/server.log
2025/05/25 17:57:51 DB HTTP Server is started listening on port : 8080
2025/05/25 17:59:00 Log output is set to ../logs/server.log
2025/05/25 17:59:08 DB HTTP Server is started listening on port : 8080
2025/05/25 17:59:31 Invalid password at endpoint (/auth/login).
2025/05/25 18:09:50 Log output is set to ../logs/server.log
2025/05/25 18:09:56 DB HTTP Server is started listening on port : 8080
2025/05/25 18:11:54 Invalid password at endpoint (/auth/login).
2025/05/25 18:38:38 Invalid password at endpoint (/auth/login).
2025/05/25 18:55:25 Invalid password at endpoint (/auth/login).
2025/05/25 19:01:30 (Error) : error getting graduation_status : record not found
2025/05/25 19:01:30 Student 32 not found
2025/05/25 19:04:01 (Error) : error getting graduation_status : record not found
2025/05/25 19:04:01 Student 32 not found
2025/05/25 19:15:58 Log output is set to ../logs/server.log
2025/05/25 19:16:05 DB HTTP Server is started listening on port : 8080
2025/05/25 19:23:56 Log output is set to ../logs/server.log
2025/05/25 19:24:05 DB HTTP Server is started listening on port : 8080
2025/05/25 19:35:36 (Error) : error getting user : record not found
2025/05/25 19:35:36 User not found at endpoint (/auth/login).
2025/05/25 19:42:10 Log output is set to ../logs/server.log
2025/05/25 19:42:17 DB HTTP Server is started listening on port : 8080
2025/05/25 19:43:22 Log output is set to ../logs/server.log
2025/05/25 19:43:31 DB HTTP Server is started listening on port : 8080
2025/05/25 19:44:14 Log output is set to ../logs/server.log
2025/05/25 19:44:35 DB HTTP Server is started listening on port : 8080
2025/05/25 19:57:09 Log output is set to ../logs/server.log
2025/05/25 19:57:17 DB HTTP Server is started listening on port : 8080
2025/05/25 20:16:10 (Error) : error getting user : record not found
2025/05/25 20:16:10 User not found at endpoint (/auth/login).
2025/05/25 20:16:14 (Error) : error getting user : record not found
2025/05/25 20:16:14 User not found at endpoint (/auth/login).
2025/05/25 20:16:18 Log output is set to ../logs/server.log
2025/05/25 20:16:26 DB HTTP Server is started listening on port : 8080
2025/05/25 21:36:00 Log output is set to ../logs/server.log
2025/05/25 21:36:10 DB HTTP Server is started listening on port : 8080
2025/05/25 21:38:10 (Error) : no departments found for faculty name: science_faculty
2025/05/25 21:38:18 (Error) : no departments found for faculty name: science_faculty
2025/05/25 21:43:43 Log output is set to ../logs/server.log
2025/05/25 21:43:56 DB HTTP Server is started listening on port : 8080
2025/05/25 21:44:31 Department name: photonics
2025/05/25 21:44:50 Department name: physics
2025/05/25 21:44:50 (Error) : error getting students : sql: Scan error on column index 0, name "id": destination not a pointer; sql: Scan error on column index 0, name "id": destination not a pointer; sql: Scan error on column index 0, name "id": destination not a pointer; sql: Scan error on column index 0, name "id": destination not a pointer; sql: Scan error on column index 0, name "id": destination not a pointer; sql: Scan error on column index 0, name "id": destination not a pointer; sql: Scan error on column index 0, name "id": destination not a pointer
2025/05/25 21:47:27 Log output is set to ../logs/server.log
2025/05/25 21:47:36 DB HTTP Server is started listening on port : 8080
2025/05/25 22:09:24 Department name: physics
2025/05/25 22:09:29 Department name: chemistry
2025/05/25 22:09:31 Department name: civil_engineering
2025/05/25 22:09:40 Department name: food_engineering
2025/05/25 22:09:51 Department name: mathematics
2025/05/25 22:09:54 Department name: photonics
2025/05/25 22:09:56 Department name: physics
2025/05/25 22:10:00 Department name: molecular_biology
2025/05/25 22:10:23 Department name: electrical_electronics_engineering
2025/05/25 22:10:56 Department name: chemistry
2025/05/25 22:11:01 Department name: architecture
2025/05/25 22:11:08 Department name: computer_engineering
2025/05/25 22:14:00 Log output is set to ../logs/server.log
2025/05/25 22:14:08 DB HTTP Server is started listening on port : 8080
2025/05/25 22:15:01 (Error) : no students found for faculty name: Engineering
2025/05/25 22:16:08 Invalid password at endpoint (/auth/login).
2025/05/25 22:17:39 Log output is set to ../logs/server.log
2025/05/25 22:17:49 DB HTTP Server is started listening on port : 8080
2025/05/25 22:17:53 Department name: photonics
2025/05/25 22:17:53 (Error) : no students found for department name: photonics
2025/05/25 22:18:21 Department name: physics
2025/05/25 22:18:24 Department name: computer engineering
2025/05/25 22:30:54 Student 12 not found
2025/05/25 22:30:54 (Error) : error getting graduation_status : record not found
2025/05/25 22:36:16 Log output is set to ../logs/server.log
2025/05/25 22:36:25 DB HTTP Server is started listening on port : 8080
2025/05/25 22:48:15 Department name: physics
2025/05/25 22:48:19 Department name: computer engineering
2025/05/25 22:49:24 Department name: computer engineering
2025/05/25 22:49:56 Log output is set to ../logs/server.log
2025/05/25 22:50:04 DB HTTP Server is started listening on port : 8080
2025/05/25 22:51:14 (Error) : error getting graduation_status : record not found
2025/05/25 22:51:14 Student 21 not found
2025/05/25 22:51:37 Error converting user ID to int at endpoint (/notifications/get/user-id/undefined): strconv.Atoi: parsing "undefined": invalid syntax
2025/05/25 22:51:37 Error converting user ID to int at endpoint (/notifications/get/user-id/undefined): strconv.Atoi: parsing "undefined": invalid syntax
2025/05/25 22:51:38 Error converting user ID to int at endpoint (/notifications/get/user-id/undefined): strconv.Atoi: parsing "undefined": invalid syntax
2025/05/25 22:51:40 Error converting user ID to int at endpoint (/notifications/get/user-id/undefined): strconv.Atoi: parsing "undefined": invalid syntax
2025/05/25 22:51:41 Error converting user ID to int at endpoint (/notifications/get/user-id/undefined): strconv.Atoi: parsing "undefined": invalid syntax
2025/05/25 22:51:42 Error converting user ID to int at endpoint (/notifications/get/user-id/undefined): strconv.Atoi: parsing "undefined": invalid syntax
2025/05/25 22:51:43 Error converting user ID to int at endpoint (/notifications/get/user-id/undefined): strconv.Atoi: parsing "undefined": invalid syntax
2025/05/25 22:52:06 Error converting user ID to int at endpoint (/notifications/get/user-id/undefined): strconv.Atoi: parsing "undefined": invalid syntax
2025/05/25 22:52:09 Error converting user ID to int at endpoint (/notifications/get/user-id/undefined): strconv.Atoi: parsing "undefined": invalid syntax
2025/05/25 22:52:12 Error converting user ID to int at endpoint (/notifications/get/user-id/undefined): strconv.Atoi: parsing "undefined": invalid syntax
2025/05/25 22:52:19 Error converting user ID to int at endpoint (/notifications/get/user-id/undefined): strconv.Atoi: parsing "undefined": invalid syntax
2025/05/25 22:52:41 Error converting user ID to int at endpoint (/notifications/get/user-id/undefined): strconv.Atoi: parsing "undefined": invalid syntax
2025/05/25 22:53:04 Error converting user ID to int at endpoint (/notifications/get/user-id/undefined): strconv.Atoi: parsing "undefined": invalid syntax
2025/05/25 22:53:14 Log output is set to ../logs/server.log
2025/05/25 22:53:21 DB HTTP Server is started listening on port : 8080
2025/05/25 22:53:27 Error converting user ID to int at endpoint (/notifications/get/user-id/undefined): strconv.Atoi: parsing "undefined": invalid syntax
2025/05/25 22:53:36 Error converting user ID to int at endpoint (/notifications/get/user-id/undefined): strconv.Atoi: parsing "undefined": invalid syntax
2025/05/25 22:53:45 Error converting user ID to int at endpoint (/notifications/get/user-id/undefined): strconv.Atoi: parsing "undefined": invalid syntax
2025/05/25 22:53:50 Error converting user ID to int at endpoint (/notifications/get/user-id/undefined): strconv.Atoi: parsing "undefined": invalid syntax
2025/05/25 22:54:11 Error converting user ID to int at endpoint (/notifications/get/user-id/undefined): strconv.Atoi: parsing "undefined": invalid syntax
2025/05/25 22:56:16 Error converting user ID to int at endpoint (/notifications/get/user-id/undefined): strconv.Atoi: parsing "undefined": invalid syntax
2025/05/25 22:56:16 Error converting user ID to int at endpoint (/notifications/get/user-id/undefined): strconv.Atoi: parsing "undefined": invalid syntax
2025/05/25 22:57:21 Error converting user ID to int at endpoint (/notifications/get/user-id/undefined): strconv.Atoi: parsing "undefined": invalid syntax
2025/05/25 22:57:22 Error converting user ID to int at endpoint (/notifications/get/user-id/undefined): strconv.Atoi: parsing "undefined": invalid syntax
2025/05/25 22:57:45 Error converting user ID to int at endpoint (/notifications/get/user-id/undefined): strconv.Atoi: parsing "undefined": invalid syntax
2025/05/25 22:57:45 Error converting user ID to int at endpoint (/notifications/get/user-id/undefined): strconv.Atoi: parsing "undefined": invalid syntax
2025/05/25 22:57:48 Error converting user ID to int at endpoint (/notifications/get/user-id/undefined): strconv.Atoi: parsing "undefined": invalid syntax
2025/05/25 22:57:49 Error converting user ID to int at endpoint (/notifications/get/user-id/undefined): strconv.Atoi: parsing "undefined": invalid syntax
2025/05/25 22:57:53 Error converting user ID to int at endpoint (/notifications/get/user-id/undefined): strconv.Atoi: parsing "undefined": invalid syntax
2025/05/25 22:57:53 Error converting user ID to int at endpoint (/notifications/get/user-id/undefined): strconv.Atoi: parsing "undefined": invalid syntax
2025/05/25 22:57:55 Error converting user ID to int at endpoint (/notifications/get/user-id/undefined): strconv.Atoi: parsing "undefined": invalid syntax
2025/05/25 22:57:55 Error converting user ID to int at endpoint (/notifications/get/user-id/undefined): strconv.Atoi: parsing "undefined": invalid syntax
2025/05/25 22:57:57 Error converting user ID to int at endpoint (/notifications/get/user-id/undefined): strconv.Atoi: parsing "undefined": invalid syntax
2025/05/25 22:57:57 Error converting user ID to int at endpoint (/notifications/get/user-id/undefined): strconv.Atoi: parsing "undefined": invalid syntax
2025/05/25 22:57:58 Error converting user ID to int at endpoint (/notifications/get/user-id/undefined): strconv.Atoi: parsing "undefined": invalid syntax
2025/05/25 22:57:58 Error converting user ID to int at endpoint (/notifications/get/user-id/undefined): strconv.Atoi: parsing "undefined": invalid syntax
2025/05/25 22:58:01 Error converting user ID to int at endpoint (/notifications/get/user-id/undefined): strconv.Atoi: parsing "undefined": invalid syntax
2025/05/25 22:58:01 Error converting user ID to int at endpoint (/notifications/get/user-id/undefined): strconv.Atoi: parsing "undefined": invalid syntax
2025/05/25 22:58:07 Error converting user ID to int at endpoint (/notifications/get/user-id/undefined): strconv.Atoi: parsing "undefined": invalid syntax
2025/05/25 22:58:08 Error converting user ID to int at endpoint (/notifications/get/user-id/undefined): strconv.Atoi: parsing "undefined": invalid syntax
2025/05/25 22:58:10 Error converting user ID to int at endpoint (/notifications/get/user-id/undefined): strconv.Atoi: parsing "undefined": invalid syntax
2025/05/25 22:58:18 Department name: photonics
2025/05/25 22:58:18 (Error) : no students found for department name: photonics
2025/05/25 22:58:40 Error converting user ID to int at endpoint (/notifications/get/user-id/undefined): strconv.Atoi: parsing "undefined": invalid syntax
2025/05/25 22:59:05 Department name: physics
2025/05/25 22:59:06 Department name: photonics
2025/05/25 22:59:06 (Error) : no students found for department name: photonics
2025/05/25 22:59:14 Department name: chemistry
2025/05/25 22:59:16 Department name: physics
2025/05/25 22:59:53 Log output is set to ../logs/server.log
2025/05/25 23:00:04 DB HTTP Server is started listening on port : 8080
2025/05/25 23:00:05 Error converting user ID to int at endpoint (/notifications/get/user-id/undefined): strconv.Atoi: parsing "undefined": invalid syntax
2025/05/25 23:00:26 Error converting user ID to int at endpoint (/notifications/get/user-id/undefined): strconv.Atoi: parsing "undefined": invalid syntax
2025/05/25 23:00:31 Error converting user ID to int at endpoint (/notifications/get/user-id/undefined): strconv.Atoi: parsing "undefined": invalid syntax
2025/05/25 23:01:14 Error converting user ID to int at endpoint (/notifications/get/user-id/undefined): strconv.Atoi: parsing "undefined": invalid syntax
2025/05/25 23:01:24 Error converting user ID to int at endpoint (/notifications/get/user-id/undefined): strconv.Atoi: parsing "undefined": invalid syntax
2025/05/25 23:01:42 Log output is set to ../logs/server.log
2025/05/25 23:01:51 DB HTTP Server is started listening on port : 8080
2025/05/25 23:03:08 Log output is set to ../logs/server.log
2025/05/25 23:03:19 DB HTTP Server is started listening on port : 8080
2025/05/25 23:04:30 Log output is set to ../logs/server.log
2025/05/25 23:04:38 DB HTTP Server is started listening on port : 8080
2025/05/25 23:04:40 Error converting user ID to int at endpoint (/notifications/get/user-id/undefined): strconv.Atoi: parsing "undefined": invalid syntax
2025/05/25 23:07:05 Log output is set to ../logs/server.log
2025/05/25 23:07:12 DB HTTP Server is started listening on port : 8080
2025/05/25 23:07:13 Error converting user ID to int at endpoint (/notifications/get/user-id/undefined): strconv.Atoi: parsing "undefined": invalid syntax
2025/05/25 23:08:05 (Error) : error getting user : record not found
2025/05/25 23:08:05 User not found at endpoint (/auth/login).
2025/05/25 23:08:13 Invalid password at endpoint (/auth/login).
2025/05/25 23:08:28 Error converting user ID to int at endpoint (/notifications/get/user-id/undefined): strconv.Atoi: parsing "undefined": invalid syntax
2025/05/25 23:08:46 Error converting user ID to int at endpoint (/notifications/get/user-id/undefined): strconv.Atoi: parsing "undefined": invalid syntax
2025/05/25 23:08:46 Student 24 not found
2025/05/25 23:08:46 (Error) : error getting graduation_status : record not found
2025/05/25 23:08:55 Error converting user ID to int at endpoint (/notifications/get/user-id/undefined): strconv.Atoi: parsing "undefined": invalid syntax
2025/05/25 23:08:55 Student 24 not found
2025/05/25 23:08:55 (Error) : error getting graduation_status : record not found
2025/05/25 23:09:04 Error converting user ID to int at endpoint (/notifications/get/user-id/undefined): strconv.Atoi: parsing "undefined": invalid syntax
2025/05/25 23:09:29 Department name: physics
2025/05/25 23:09:31 Department name: photonics
2025/05/25 23:09:31 (Error) : no students found for department name: photonics
2025/05/25 23:09:33 Department name: chemistry
2025/05/25 23:09:35 Department name: mathematics
2025/05/25 23:09:35 (Error) : no students found for department name: mathematics
2025/05/25 23:09:36 Department name: molecular biology
2025/05/25 23:09:36 (Error) : no students found for department name: molecular biology
2025/05/25 23:09:52 Department name: mathematics
2025/05/25 23:09:52 (Error) : no students found for department name: mathematics
2025/05/25 23:09:53 Department name: chemistry
2025/05/25 23:09:55 Department name: city planning
2025/05/25 23:09:55 (Error) : no students found for department name: city planning
2025/05/25 23:09:56 Department name: mechanical engineering
2025/05/25 23:09:56 (Error) : no students found for department name: mechanical engineering
2025/05/25 23:15:13 Error converting user ID to int at endpoint (/notifications/get/user-id/undefined): strconv.Atoi: parsing "undefined": invalid syntax
2025/05/25 23:15:39 Error converting user ID to int at endpoint (/notifications/get/user-id/undefined): strconv.Atoi: parsing "undefined": invalid syntax
2025/05/25 23:16:10 Error converting user ID to int at endpoint (/notifications/get/user-id/undefined): strconv.Atoi: parsing "undefined": invalid syntax
2025/05/25 23:17:02 Error converting user ID to int at endpoint (/notifications/get/user-id/undefined): strconv.Atoi: parsing "undefined": invalid syntax
2025/05/25 23:17:28 Error converting user ID to int at endpoint (/notifications/get/user-id/undefined): strconv.Atoi: parsing "undefined": invalid syntax
2025/05/25 23:17:37 Department name: computer engineering
2025/05/25 23:18:05 Log output is set to ../logs/server.log
2025/05/25 23:18:14 DB HTTP Server is started listening on port : 8080
2025/05/25 23:18:15 Department name: chemistry
2025/05/25 23:18:27 Error converting user ID to int at endpoint (/notifications/get/user-id/undefined): strconv.Atoi: parsing "undefined": invalid syntax
2025/05/25 23:19:01 Log output is set to ../logs/server.log
2025/05/25 23:19:09 DB HTTP Server is started listening on port : 8080
2025/05/25 23:19:46 Error converting user ID to int at endpoint (/notifications/get/user-id/undefined): strconv.Atoi: parsing "undefined": invalid syntax
2025/05/25 23:20:29 Error converting user ID to int at endpoint (/notifications/get/user-id/undefined): strconv.Atoi: parsing "undefined": invalid syntax
2025/05/25 23:21:24 Error converting user ID to int at endpoint (/notifications/get/user-id/undefined): strconv.Atoi: parsing "undefined": invalid syntax
2025/05/25 23:22:10 Error converting user ID to int at endpoint (/notifications/get/user-id/undefined): strconv.Atoi: parsing "undefined": invalid syntax
2025/05/25 23:22:21 Error converting user ID to int at endpoint (/notifications/get/user-id/undefined): strconv.Atoi: parsing "undefined": invalid syntax
2025/05/25 23:22:25 Error converting user ID to int at endpoint (/notifications/get/user-id/undefined): strconv.Atoi: parsing "undefined": invalid syntax
2025/05/25 23:22:30 Log output is set to ../logs/server.log
2025/05/25 23:22:38 DB HTTP Server is started listening on port : 8080
2025/05/25 23:22:52 Error converting user ID to int at endpoint (/notifications/get/user-id/undefined): strconv.Atoi: parsing "undefined": invalid syntax
2025/05/25 23:25:03 Log output is set to ../logs/server.log
2025/05/25 23:25:13 DB HTTP Server is started listening on port : 8080
2025/05/25 23:25:44 Student 57 cannot graduate
2025/05/25 23:26:54 Log output is set to ../logs/server.log
2025/05/25 23:27:02 DB HTTP Server is started listening on port : 8080
2025/05/25 23:27:23 (Error) : error getting user : record not found
2025/05/25 23:27:23 User not found at endpoint (/auth/login).
2025/05/25 23:28:21 Invalid password at endpoint (/auth/login).
2025/05/25 23:28:25 Student 57 cannot graduate
2025/05/25 23:30:13 Log output is set to ../logs/server.log
2025/05/25 23:30:22 DB HTTP Server is started listening on port : 8080
2025/05/25 23:30:25 Invalid password at endpoint (/auth/login).
2025/05/25 23:34:18 Log output is set to ../logs/server.log
2025/05/25 23:34:27 DB HTTP Server is started listening on port : 8080
2025/05/25 23:37:17 Log output is set to ../logs/server.log
2025/05/25 23:37:25 DB HTTP Server is started listening on port : 8080
2025/05/25 23:47:00 Log output is set to ../logs/server.log
2025/05/25 23:47:10 DB HTTP Server is started listening on port : 8080
2025/05/25 23:47:38 Log output is set to ../logs/server.log
2025/05/25 23:47:48 DB HTTP Server is started listening on port : 8080
2025/05/25 23:49:20 Log output is set to ../logs/server.log
2025/05/25 23:49:27 DB HTTP Server is started listening on port : 8080
2025/05/25 23:50:59 Log output is set to ../logs/server.log
2025/05/25 23:51:07 DB HTTP Server is started listening on port : 8080
